This file contains any messages produced by compilers while
running configure, to aid debugging if configure makes a mistake.

configure:593: checking host system type
configure:614: checking target system type
configure:632: checking build system type
configure:666: checking for a BSD compatible install
configure:719: checking whether build environment is sane
configure:776: checking whether make sets ${MAKE}
configure:822: checking for working aclocal
configure:835: checking for working autoconf
configure:848: checking for working automake
configure:861: checking for working autoheader
configure:874: checking for working makeinfo
configure:894: checking for gcc
configure:1007: checking whether the C compiler (gcc  ) works
configure:1023: gcc -o conftest    conftest.c  1>&5
configure:1049: checking whether the C compiler (gcc  ) is a cross-compiler
configure:1054: checking whether we are using GNU C
configure:1082: checking whether gcc accepts -g
configure:1114: checking how to run the C preprocessor
configure:1199: checking for flex
configure:1232: checking for flex
configure:1266: checking for yywrap in -lfl
configure:1308: checking lex output file root
configure:1329: checking whether yytext is a pointer
configure:1381: checking for a BSD compatible install
configure:1434: checking whether ln -s works
configure:1455: checking whether make sets ${MAKE}
configure:1483: checking for pthread_mutex_lock in -lpthread
configure:1531: checking for ANSI C header files
configure:1638: checking for unistd.h
configure:1678: checking for sys/types.h
configure:1716: checking for working const
configure:1791: checking for size_t
configure:1896: checking for ranlib
configure:1935: checking for ld used by GCC
configure:1997: checking if the linker (/usr/bin/ld) is GNU ld
configure:2013: checking for BSD-compatible nm
ltconfig:603: checking for object suffix
ltconfig:604: gcc -c -g -O2  conftest.c 1>&5
ltconfig:776: checking if gcc PIC flag -fPIC works
ltconfig:777: gcc -c -g -O2 -fPIC -DPIC  conftest.c 1>&5
ltconfig:829: checking if gcc supports -c -o file.o
ltconfig:830: gcc -c -g -O2 -o out/conftest2.o  conftest.c 1>&5
ltconfig:862: checking if gcc supports -c -o file.lo
ltconfig:863: gcc -c -g -O2 -c -o conftest.lo  conftest.c 1>&5
ltconfig:914: checking if gcc supports -fno-rtti -fno-exceptions
ltconfig:915: gcc -c -g -O2 -fno-rtti -fno-exceptions -c conftest.c  conftest.c 1>&5
ltconfig:958: checking if gcc static flag -static works
ltconfig:959: gcc -o conftest -g -O2   -static conftest.c -lpthread  1>&5
GNU ld version 2.9.1 (with BFD 2.9.1.0.24)
ltconfig:1635: checking if global_symbol_pipe works
ltconfig:1636: gcc -c -g -O2  conftest.c 1>&5
ltconfig:1639: eval "/usr/bin/nm -B conftest.o | sed -n -e 's/^.*[ 	]\([ABCDGISTW]\)[ 	][ 	]*\(\)\([_A-Za-z][_A-Za-z0-9]*\)$/\1 \2\3 \3/p' > conftest.nm"
ltconfig:1691: gcc -o conftest -g -O2 -fno-builtin -fno-rtti -fno-exceptions   conftest.c conftstm.o 1>&5
configure:2230: checking for unixODBC files
configure:2276: checking for oci.h
configure:2294: checking for nzt.h
configure:2312: checking for ociextp.h
configure:2330: checking for libclntsh.so 
configure:2361: checking for OCIEnvCreate in -lclntsh
configure:2409: checking for OCIInitialize in -lclntsh
configure:2450: checking whether to enable libclntsh.so undefined symbol hack
configure:2486: checking whether to enable ODBC tracing
configure:2507: checking whether to use just user or all catalog
